<?xml version="1.0" encoding="UTF-8"?>
<testng-results ignored="0" total="5" passed="5" failed="0" skipped="0">
  <reporter-output>
  </reporter-output>
  <suite started-at="2022-06-11T16:14:20 EDT" name="Default suite" finished-at="2022-06-11T16:14:33 EDT" duration-ms="13140">
    <groups>
    </groups>
    <test started-at="2022-06-11T16:14:20 EDT" name="Default test" finished-at="2022-06-11T16:14:33 EDT" duration-ms="13140">
      <class name="com.test.automationtest.EndtoendAPItesting">
        <test-method is-config="true" signature="baseuri()[pri:0, instance:com.test.automationtest.EndtoendAPItesting@2c767a52]" started-at="2022-06-11T16:14:20 EDT" name="baseuri" finished-at="2022-06-11T16:14:21 EDT" duration-ms="627" status="PASS">
          <reporter-output>
          </reporter-output>
        </test-method> <!-- baseuri -->
        <test-method signature="logindetails()[pri:1, instance:com.test.automationtest.EndtoendAPItesting@2c767a52]" started-at="2022-06-11T16:14:21 EDT" name="logindetails" finished-at="2022-06-11T16:14:23 EDT" duration-ms="2383" status="PASS">
          <reporter-output>
          </reporter-output>
        </test-method> <!-- logindetails -->
        <test-method is-config="true" signature="baseuri()[pri:0, instance:com.test.automationtest.EndtoendAPItesting@2c767a52]" started-at="2022-06-11T16:14:23 EDT" name="baseuri" finished-at="2022-06-11T16:14:23 EDT" duration-ms="1" status="PASS">
          <reporter-output>
          </reporter-output>
        </test-method> <!-- baseuri -->
        <test-method signature="addinguser()[pri:2, instance:com.test.automationtest.EndtoendAPItesting@2c767a52]" started-at="2022-06-11T16:14:23 EDT" name="addinguser" finished-at="2022-06-11T16:14:24 EDT" duration-ms="610" status="PASS">
          <reporter-output>
          </reporter-output>
        </test-method> <!-- addinguser -->
        <test-method is-config="true" signature="baseuri()[pri:0, instance:com.test.automationtest.EndtoendAPItesting@2c767a52]" started-at="2022-06-11T16:14:24 EDT" name="baseuri" finished-at="2022-06-11T16:14:24 EDT" duration-ms="1" status="PASS">
          <reporter-output>
          </reporter-output>
        </test-method> <!-- baseuri -->
        <test-method signature="userdata()[pri:3, instance:com.test.automationtest.EndtoendAPItesting@2c767a52]" started-at="2022-06-11T16:14:24 EDT" name="userdata" finished-at="2022-06-11T16:14:33 EDT" duration-ms="8971" status="PASS">
          <reporter-output>
          </reporter-output>
        </test-method> <!-- userdata -->
        <test-method is-config="true" signature="baseuri()[pri:0, instance:com.test.automationtest.EndtoendAPItesting@2c767a52]" started-at="2022-06-11T16:14:33 EDT" name="baseuri" finished-at="2022-06-11T16:14:33 EDT" duration-ms="1" status="PASS">
          <reporter-output>
          </reporter-output>
        </test-method> <!-- baseuri -->
        <test-method signature="updatingdata()[pri:4, instance:com.test.automationtest.EndtoendAPItesting@2c767a52]" started-at="2022-06-11T16:14:33 EDT" name="updatingdata" finished-at="2022-06-11T16:14:33 EDT" duration-ms="202" status="PASS">
          <reporter-output>
          </reporter-output>
        </test-method> <!-- updatingdata -->
        <test-method is-config="true" signature="baseuri()[pri:0, instance:com.test.automationtest.EndtoendAPItesting@2c767a52]" started-at="2022-06-11T16:14:33 EDT" name="baseuri" finished-at="2022-06-11T16:14:33 EDT" duration-ms="1" status="PASS">
          <reporter-output>
          </reporter-output>
        </test-method> <!-- baseuri -->
        <test-method signature="deluser()[pri:5, instance:com.test.automationtest.EndtoendAPItesting@2c767a52]" started-at="2022-06-11T16:14:33 EDT" name="deluser" finished-at="2022-06-11T16:14:33 EDT" duration-ms="277" status="PASS">
          <reporter-output>
          </reporter-output>
        </test-method> <!-- deluser -->
      </class> <!-- com.test.automationtest.EndtoendAPItesting -->
    </test> <!-- Default test -->
  </suite> <!-- Default suite -->
</testng-results>
