<?xml version="1.0" encoding="UTF-8"?>
<testng-results ignored="0" total="5" passed="5" failed="0" skipped="0">
  <reporter-output>
  </reporter-output>
  <suite started-at="2022-06-11T16:20:47 EDT" name="Suite" finished-at="2022-06-11T16:21:01 EDT" duration-ms="14697">
    <groups>
    </groups>
    <test started-at="2022-06-11T16:20:47 EDT" name="Test" finished-at="2022-06-11T16:21:01 EDT" duration-ms="14697">
      <class name="com.test.automationtest.EndtoendAPItesting">
        <test-method is-config="true" signature="baseuri()[pri:0, instance:com.test.automationtest.EndtoendAPItesting@50a7bc6e]" started-at="2022-06-11T16:20:47 EDT" name="baseuri" finished-at="2022-06-11T16:20:47 EDT" duration-ms="564" status="PASS">
          <reporter-output>
          </reporter-output>
        </test-method> <!-- baseuri -->
        <test-method signature="logindetails()[pri:1, instance:com.test.automationtest.EndtoendAPItesting@50a7bc6e]" started-at="2022-06-11T16:20:47 EDT" name="logindetails" finished-at="2022-06-11T16:20:50 EDT" duration-ms="2239" status="PASS">
          <reporter-output>
          </reporter-output>
        </test-method> <!-- logindetails -->
        <test-method is-config="true" signature="baseuri()[pri:0, instance:com.test.automationtest.EndtoendAPItesting@50a7bc6e]" started-at="2022-06-11T16:20:50 EDT" name="baseuri" finished-at="2022-06-11T16:20:50 EDT" duration-ms="1" status="PASS">
          <reporter-output>
          </reporter-output>
        </test-method> <!-- baseuri -->
        <test-method signature="addinguser()[pri:2, instance:com.test.automationtest.EndtoendAPItesting@50a7bc6e]" started-at="2022-06-11T16:20:50 EDT" name="addinguser" finished-at="2022-06-11T16:20:50 EDT" duration-ms="566" status="PASS">
          <reporter-output>
          </reporter-output>
        </test-method> <!-- addinguser -->
        <test-method is-config="true" signature="baseuri()[pri:0, instance:com.test.automationtest.EndtoendAPItesting@50a7bc6e]" started-at="2022-06-11T16:20:50 EDT" name="baseuri" finished-at="2022-06-11T16:20:50 EDT" duration-ms="0" status="PASS">
          <reporter-output>
          </reporter-output>
        </test-method> <!-- baseuri -->
        <test-method signature="userdata()[pri:3, instance:com.test.automationtest.EndtoendAPItesting@50a7bc6e]" started-at="2022-06-11T16:20:50 EDT" name="userdata" finished-at="2022-06-11T16:20:59 EDT" duration-ms="8958" status="PASS">
          <reporter-output>
          </reporter-output>
        </test-method> <!-- userdata -->
        <test-method is-config="true" signature="baseuri()[pri:0, instance:com.test.automationtest.EndtoendAPItesting@50a7bc6e]" started-at="2022-06-11T16:20:59 EDT" name="baseuri" finished-at="2022-06-11T16:20:59 EDT" duration-ms="0" status="PASS">
          <reporter-output>
          </reporter-output>
        </test-method> <!-- baseuri -->
        <test-method signature="updatingdata()[pri:4, instance:com.test.automationtest.EndtoendAPItesting@50a7bc6e]" started-at="2022-06-11T16:20:59 EDT" name="updatingdata" finished-at="2022-06-11T16:20:59 EDT" duration-ms="179" status="PASS">
          <reporter-output>
          </reporter-output>
        </test-method> <!-- updatingdata -->
        <test-method signature="deluser()[pri:5, instance:com.test.automationtest.EndtoendAPItesting@50a7bc6e]" started-at="2022-06-11T16:20:59 EDT" name="deluser" finished-at="2022-06-11T16:21:01 EDT" duration-ms="2149" status="PASS">
          <reporter-output>
          </reporter-output>
        </test-method> <!-- deluser -->
        <test-method is-config="true" signature="baseuri()[pri:0, instance:com.test.automationtest.EndtoendAPItesting@50a7bc6e]" started-at="2022-06-11T16:20:59 EDT" name="baseuri" finished-at="2022-06-11T16:20:59 EDT" duration-ms="0" status="PASS">
          <reporter-output>
          </reporter-output>
        </test-method> <!-- baseuri -->
      </class> <!-- com.test.automationtest.EndtoendAPItesting -->
    </test> <!-- Test -->
  </suite> <!-- Suite -->
</testng-results>
