<?xml version="1.0" encoding="UTF-8"?>
<testsuite xmlns:xsi="http://www.w3.org/2001/XMLSchema-instance" xsi:schemaLocation="https://maven.apache.org/surefire/maven-surefire-plugin/xsd/surefire-test-report.xsd" name="TestSuite" time="15.207" tests="5" errors="0" skipped="0" failures="0">
  <properties>
[...]
</properties>
  <testcase name="logindetails" classname="com.test.automationtest.EndtoendAPItesting" time="2.24"/>
  <testcase name="addinguser" classname="com.test.automationtest.EndtoendAPItesting" time="0.565"/>
  <testcase name="userdata" classname="com.test.automationtest.EndtoendAPItesting" time="8.959"/>
  <testcase name="updatingdata" classname="com.test.automationtest.EndtoendAPItesting" time="0.178"/>
  <testcase name="deluser" classname="com.test.automationtest.EndtoendAPItesting" time="2.148"/>
</testsuite>