<?xml version="1.0" encoding="UTF-8"?>
<!-- Generated by org.testng.reporters.JUnitXMLReporter -->
<testsuite ignored="0" hostname="vamsiraji" failures="0" tests="5" name="Default test" time="13.14" errors="0" timestamp="2022-06-11T16:14:33 EDT">
  <testcase classname="com.test.automationtest.EndtoendAPItesting" name="logindetails" time="2.383"/>
  <testcase classname="com.test.automationtest.EndtoendAPItesting" name="addinguser" time="0.61"/>
  <testcase classname="com.test.automationtest.EndtoendAPItesting" name="userdata" time="8.971"/>
  <testcase classname="com.test.automationtest.EndtoendAPItesting" name="updatingdata" time="0.202"/>
  <testcase classname="com.test.automationtest.EndtoendAPItesting" name="deluser" time="0.277"/>
</testsuite> <!-- Default test -->
