<?xml version="1.0" encoding="UTF-8"?>
<!-- Generated by org.testng.reporters.JUnitXMLReporter -->
<testsuite ignored="0" hostname="vamsiraji" failures="0" tests="5" name="Test" time="14.697" errors="0" timestamp="2022-06-11T16:21:01 EDT">
  <testcase classname="com.test.automationtest.EndtoendAPItesting" name="logindetails" time="2.239"/>
  <testcase classname="com.test.automationtest.EndtoendAPItesting" name="addinguser" time="0.566"/>
  <testcase classname="com.test.automationtest.EndtoendAPItesting" name="userdata" time="8.958"/>
  <testcase classname="com.test.automationtest.EndtoendAPItesting" name="updatingdata" time="0.179"/>
  <testcase classname="com.test.automationtest.EndtoendAPItesting" name="deluser" time="2.149"/>
</testsuite> <!-- Test -->
